<?xml version="1.0" encoding="UTF-8"?>
<!-- Generated by org.testng.reporters.JUnitReportReporter -->
<testsuite hostname="Lenovo-PC" failures="0" tests="3" name="com.Epsondoms.ProductTest.MensproductTest" time="0.007" errors="0" timestamp="2024-10-28T15:41:19 IST" skipped="0">
  <testcase classname="com.Epsondoms.ProductTest.MensproductTest" name="updateProduct" time="0.003"/>
  <system-out/>
  <testcase classname="com.Epsondoms.ProductTest.MensproductTest" name="removeProduct" time="0.002"/>
  <system-out/>
  <testcase classname="com.Epsondoms.ProductTest.MensproductTest" name="addProduct" time="0.002"/>
  <system-out/>
</testsuite> <!-- com.Epsondoms.ProductTest.MensproductTest -->
