<?xml version="1.0" encoding="UTF-8"?>
<!-- Generated by org.testng.reporters.JUnitReportReporter -->
<testsuite hostname="Lenovo-PC" failures="0" tests="2" name="com.Epsondoms.WelcomeTest.VerefyWelcomePageTest" time="26.014" errors="0" timestamp="2024-11-06T09:13:40 IST" skipped="1">
  <testcase classname="com.Epsondoms.WelcomeTest.VerefyWelcomePageTest" name="verifyWelcomepageWithValidInput" time="26.014"/>
  <system-out>
    <![CDATA[Mobile textfield is displayed
Verified text Succefully contact us HyperLink
Execution completed succefully---]]>
  </system-out>
  <testcase classname="com.Epsondoms.WelcomeTest.VerefyWelcomePageTest" name="VerifyWelcomepageWithInvalidInput">
    <skipped/>
  </testcase> <!-- VerifyWelcomepageWithInvalidInput -->
  <system-out/>
</testsuite> <!-- com.Epsondoms.WelcomeTest.VerefyWelcomePageTest -->
