<?xml version="1.0" encoding="UTF-8"?>
<!-- Generated by org.testng.reporters.JUnitReportReporter -->
<testsuite hostname="Lenovo-PC" failures="0" tests="3" name="com.Epsondoms.ProductTest.KidsProductTest" time="0.015" errors="0" timestamp="2024-10-28T15:41:19 IST" skipped="0">
  <testcase classname="com.Epsondoms.ProductTest.KidsProductTest" name="addProduct" time="0.008"/>
  <system-out/>
  <testcase classname="com.Epsondoms.ProductTest.KidsProductTest" name="updateProduct" time="0.004"/>
  <system-out/>
  <testcase classname="com.Epsondoms.ProductTest.KidsProductTest" name="removeProduct" time="0.003"/>
  <system-out/>
</testsuite> <!-- com.Epsondoms.ProductTest.KidsProductTest -->
