<?xml version="1.0" encoding="UTF-8"?>
<!-- Generated by org.testng.reporters.JUnitReportReporter -->
<testsuite hostname="Lenovo-PC" failures="0" tests="6" name="Demo.DemoTest" time="1.613" errors="0" timestamp="2024-11-05T09:30:55 IST" skipped="0">
  <testcase classname="Demo.DemoTest" name="DemoTest4" time="0.002"/>
  <system-out/>
  <testcase classname="Demo.DemoTest" name="DemoTest5" time="0.001"/>
  <system-out/>
  <testcase classname="Demo.DemoTest" name="DemoTest6" time="0.002"/>
  <system-out/>
  <testcase classname="Demo.DemoTest" name="DemoTest3" time="0.007"/>
  <system-out/>
  <testcase classname="Demo.DemoTest" name="demoTest1" time="1.516"/>
  <system-out/>
  <testcase classname="Demo.DemoTest" name="DemoTest2" time="0.085"/>
  <system-out/>
</testsuite> <!-- Demo.DemoTest -->
