<?xml version="1.0" encoding="UTF-8"?>
<!-- Generated by org.testng.reporters.JUnitReportReporter -->
<testsuite hostname="Lenovo-PC" failures="0" tests="3" name="com.Epsondoms.ProductTest.ElectronicProductTest" time="0.058" errors="0" timestamp="2024-10-28T21:38:00 IST" skipped="0">
  <testcase classname="com.Epsondoms.ProductTest.ElectronicProductTest" name="updateProduct" time="0.003"/>
  <system-out/>
  <testcase classname="com.Epsondoms.ProductTest.ElectronicProductTest" name="addProduct" time="0.052"/>
  <system-out/>
  <testcase classname="com.Epsondoms.ProductTest.ElectronicProductTest" name="removeProduct" time="0.003"/>
  <system-out/>
</testsuite> <!-- com.Epsondoms.ProductTest.ElectronicProductTest -->
