<?xml version="1.0" encoding="UTF-8"?>
<!-- Generated by org.testng.reporters.JUnitReportReporter -->
<testsuite hostname="Lenovo-PC" failures="0" tests="3" name="com.Epsondoms.WelcomeTest.VerifyWelcomePageTest" time="34.569" errors="0" timestamp="2024-11-06T09:53:53 IST" skipped="0">
  <testcase classname="com.Epsondoms.WelcomeTest.VerifyWelcomePageTest" name="verifyWelcomepageWithValidInput" time="25.994"/>
  <system-out>
    <![CDATA[Mobile textfield is displayed
Verified text Succefully contact us HyperLink
Execution completed succefully---]]>
  </system-out>
  <testcase classname="com.Epsondoms.WelcomeTest.VerifyWelcomePageTest" name="VerifyWelcomepageWithInvalidInput" time="4.256"/>
  <system-out>
    <![CDATA[Title Verified-pass
Execution completed succefully---->>]]>
  </system-out>
  <testcase classname="com.Epsondoms.WelcomeTest.VerifyWelcomePageTest" name="VerifyWelcomepageWithInvalidInput" time="4.319"/>
  <system-out>
    <![CDATA[Title Verified-pass
Execution completed succefully---->>]]>
  </system-out>
</testsuite> <!-- com.Epsondoms.WelcomeTest.VerifyWelcomePageTest -->
